undefined [undefined] [32minfo[39m: Authenticating email isma@gmail.com and password 123456
undefined [undefined] [32minfo[39m: Authenticating email isma@gmail.com and password 123456
undefined [undefined] [32minfo[39m: Authenticating email isma@gmail.com and password 123456
undefined [undefined] [32minfo[39m: Authenticating email isma@gmail.com and password 123456
undefined [undefined] [32minfo[39m: Authenticating email isma@gmail.com and password 123456
undefined [undefined] [32minfo[39m: Authenticating email isma@gmail.com and password 123456
undefined [undefined] [32minfo[39m: Authenticating email isma@gmail.com and password 123456
undefined [undefined] [32minfo[39m: Authenticating email 1 and password ismail
undefined [undefined] [32minfo[39m: Authenticating email 1 and password ismail
undefined [undefined] [32minfo[39m: Authenticating email 55 and password ismail
undefined [undefined] [32minfo[39m: Authenticating email undefined and password undefined
undefined [undefined] [32minfo[39m: Authenticating email undefined and password undefined
undefined [undefined] [32minfo[39m: Authenticating email isma@gmail.com and password 123456
undefined [undefined] [32minfo[39m: Authenticating email 3 and password shayan
undefined [undefined] [32minfo[39m: Authenticating email 35 and password shayan
undefined [undefined] [32minfo[39m: Authenticating email 35 and password shayan
undefined [undefined] [32minfo[39m: Authenticating email 35 and password shayan
undefined [undefined] [32minfo[39m: Authenticating email 3 and password shayan
undefined [undefined] [32minfo[39m: Authenticating email 3 and password shayan
undefined [undefined] [32minfo[39m: Authenticating email 3 and password shayan
undefined [undefined] [32minfo[39m: Authenticating email 3 and password shayan
undefined [undefined] [32minfo[39m: Authenticating email 3 and password shayan
undefined [undefined] [32minfo[39m: Authenticating email 35 and password shayan
undefined [undefined] [32minfo[39m: Authenticating email 35 and password shayan
undefined [undefined] [32minfo[39m: Authenticating email 35 and password shayan
undefined [undefined] [32minfo[39m: Authenticating email 35 and password shayan
undefined [undefined] [32minfo[39m: Authenticating email 35 and password shayan
undefined [undefined] [32minfo[39m: Authenticating email 3 and password shayan
undefined [undefined] [32minfo[39m: Authenticating email 35 and password shayan
undefined [undefined] [32minfo[39m: Authenticating email 3 and password shayan
undefined [undefined] [32minfo[39m: Authenticating email 3 and password shayan
undefined [undefined] [32minfo[39m: Authenticating email 3 and password shayan
undefined [undefined] [32minfo[39m: Authenticating email 3 and password shayan
undefined [undefined] [32minfo[39m: Authenticating email 3 and password shayan
undefined [undefined] [32minfo[39m: Authenticating email 3 and password shayan
undefined [undefined] [32minfo[39m: Authenticating email 3 and password shayan
undefined [undefined] [32minfo[39m: Authenticating email 3 and password shayan
undefined [undefined] [32minfo[39m: Authenticating email 3 and password shayan
undefined [undefined] [32minfo[39m: Authenticating email 3 and password shayan
undefined [undefined] [32minfo[39m: Authenticating email 3 and password shayan
undefined [undefined] [32minfo[39m: Authenticating email 3 and password shayan
undefined [undefined] [32minfo[39m: Authenticating email isma@gmail.com and password 12345
undefined [undefined] [32minfo[39m: Authenticating email isma@gmail.com and password 12345
undefined [undefined] [32minfo[39m: Authenticating email isma@gmail.com and password 12345
undefined [undefined] [32minfo[39m: Authenticating email isma@gmail.com and password 12345
undefined [undefined] [32minfo[39m: Authenticating email isma@gmail.com and password undefined
undefined [undefined] [32minfo[39m: Authenticating email isma@gmail.com and password 12345
undefined [undefined] [32minfo[39m: Authenticating email isma@gmail.com and password 12345
undefined [undefined] [32minfo[39m: Authenticating email isma@gmail.com and password 12345
undefined [undefined] [32minfo[39m: Authenticating email isma@gmail.com and password 12345
undefined [undefined] [32minfo[39m: Authenticating email isma@gmail.com and password 12345
undefined [undefined] [32minfo[39m: Authenticating email isma@gmail.com and password 12345
undefined [undefined] [32minfo[39m: Authenticating email isma@gmail.com and password 12345
undefined [undefined] [32minfo[39m: Authenticating email isma@gmail.com and password 12345
undefined [undefined] [32minfo[39m: Authenticating email isma@gmail.com and password 12345
undefined [undefined] [32minfo[39m: Authenticating email isma@gmail.com and password 12345
undefined [undefined] [32minfo[39m: Authenticating email isma@gmail.com and password 12345
undefined [undefined] [32minfo[39m: Authenticating email isma@gmail.com and password 12345
undefined [undefined] [32minfo[39m: Authenticating email isma@gmail.com and password 12345
undefined [undefined] [32minfo[39m: Authenticating email isma@gmail.com and password 12345
undefined [undefined] [32minfo[39m: Authenticating email isma@gmail.com and password 12345
undefined [undefined] [32minfo[39m: Authenticating email isma@gmail.com and password 12345
undefined [undefined] [32minfo[39m: Authenticating email isma@gmail.com and password 12345
undefined [undefined] [32minfo[39m: Authenticating email isma@gmail.com and password 12345
undefined [undefined] [32minfo[39m: Authenticating email isma@gmail.com and password 12345
undefined [undefined] [32minfo[39m: Authenticating email isma@gmail.com and password 12345
undefined [undefined] [32minfo[39m: Authenticating email isma@gmail.com and password 12345
undefined [undefined] [32minfo[39m: Authenticating email isma@gmail.com and password 12345
undefined [undefined] [32minfo[39m: Authenticating email faay@gmail.com and password 562626
undefined [undefined] [32minfo[39m: Authenticating email isma@gmail.com and password 12345
undefined [undefined] [32minfo[39m: Authenticating email isma@gmail.com and password 12345
undefined [undefined] [32minfo[39m: Authenticating email isma@gmail.com and password 123456
undefined [undefined] [32minfo[39m: Authenticating email isma@gmail.com and password 12345
undefined [undefined] [32minfo[39m: Authenticating email isma@gmail.com and password 12345
undefined [undefined] [32minfo[39m: Authenticating email ismail@gmail.com and password 12345
undefined [undefined] [32minfo[39m: Authenticating email maamo@gmail.com and password 1234
undefined [undefined] [32minfo[39m: Authenticating email ismail@gmail.com and password 654321
undefined [undefined] [32minfo[39m: Authenticating email ismaiil@gmail.com and password 654321
undefined [undefined] [32minfo[39m: creating the user...
undefined [undefined] [32minfo[39m: creating the user...
undefined [undefined] [32minfo[39m: creating the user...
undefined [undefined] [32minfo[39m: creating the user...
undefined [undefined] [32minfo[39m: creating the user...
undefined [undefined] [32minfo[39m: creating the user...
undefined [undefined] [32minfo[39m: creating the user...
undefined [undefined] [32minfo[39m: creating the user...
undefined [undefined] [32minfo[39m: creating the user...
undefined [undefined] [32minfo[39m: creating the user...
undefined [undefined] [32minfo[39m: Updating the user...
undefined [undefined] [32minfo[39m: Updating the user...
undefined [undefined] [32minfo[39m: Updating the user...
undefined [undefined] [32minfo[39m: Updating the user...
undefined [undefined] [32minfo[39m: Authenticating email ismail@gmail.com and password 654321
undefined [undefined] [32minfo[39m: Authenticating email ismail@gmail.com and password 654321
undefined [undefined] [32minfo[39m: Authenticating email ismail@gmail.com and password 654321
undefined [undefined] [32minfo[39m: Authenticating email ismail@gmail.com and password 654321
undefined [undefined] [32minfo[39m: creating the user...
undefined [undefined] [32minfo[39m: Authenticating email ismail@gmail.com and password 654321
undefined [undefined] [32minfo[39m: Authenticating email ismail@gmail.com and password 654321
undefined [undefined] [32minfo[39m: Authenticating email ismail@gmail.com and password 654321
undefined [undefined] [32minfo[39m: Authenticating email caasho@gmail.com and password 55555
undefined [undefined] [32minfo[39m: Authenticating email caasho@gmail.com and password 55555
undefined [undefined] [32minfo[39m: Authenticating email caasho@gmail.com and password 55555
undefined [undefined] [32minfo[39m: Authenticating email caasho@gmail.com and password 55555
undefined [undefined] [32minfo[39m: Authenticating email caasho@gmail.com and password 55555
undefined [undefined] [32minfo[39m: Authenticating email ismail@gmail.com and password 654321
undefined [undefined] [32minfo[39m: Authenticating email caasho@gmail.com and password 55555
undefined [undefined] [32minfo[39m: Authenticating email caasho@gmail.com and password 55555
undefined [undefined] [32minfo[39m: Authenticating email ismail@gmail.com and password 654321
undefined [undefined] [32minfo[39m: Authenticating email ismail@gmail.com and password 654321
undefined [undefined] [32minfo[39m: Authenticating email ismail@gmail.com and password 654321
undefined [undefined] [32minfo[39m: Authenticating email ismail@gmail.com and password 654321
undefined [undefined] [32minfo[39m: Updating the user...
undefined [undefined] [32minfo[39m: Authenticating email caasho@gmail.com and password 55555
undefined [undefined] [32minfo[39m: Authenticating email HAKIIM@gmail.com and password 66666
undefined [undefined] [32minfo[39m: Authenticating email HAKIIM@gmail.com and password 66666
undefined [undefined] [32minfo[39m: Authenticating email Hakiim@gmail.com and password 66666
undefined [undefined] [32minfo[39m: Authenticating email ismail@gmail.com and password 654321
undefined [undefined] [32minfo[39m: Authenticating email ismail@gmail.com and password 654321
undefined [undefined] [32minfo[39m: Authenticating email ismail@gmail.com and password 654321
undefined [undefined] [32minfo[39m: Authenticating email Hakiim@gmail.com and password 66666
undefined [undefined] [32minfo[39m: Authenticating email Hakiim@gmail.com and password 666666
undefined [undefined] [32minfo[39m: Authenticating email Hakiim@gmail.com and password 66666
undefined [undefined] [32minfo[39m: Authenticating email Hakiim@gmail.com and password 66666
undefined [undefined] [32minfo[39m: Authenticating email ismail@gmail.com and password 654321
